<?xml version="1.0" encoding="UTF-8"?>
<!-- Generated by org.testng.reporters.JUnitXMLReporter -->
<testsuite ignored="12" hostname="IL-IT-DHEERAJREDDY" failures="0" tests="1" name="Default test" time="12.744" errors="0" timestamp="2023-02-21T17:38:38 IST">
  <testcase classname="com.unified.infinity.uitest.admin.UnifiedSignInUp" name="SignInwithInvalidPass" time="8.686"/>
  <testcase classname="com.unified.infinity.uitest.admin.UnifiedSignInUp" name="SignInwithInvalidPhone" time="0.0">
    <ignored/>
  </testcase> <!-- SignInwithInvalidPhone -->
  <testcase classname="com.unified.infinity.uitest.admin.UnifiedSignInUp" name="SignInPassword" time="0.0">
    <ignored/>
  </testcase> <!-- SignInPassword -->
  <testcase classname="com.unified.infinity.uitest.admin.UnifiedSignInUp" name="ForgotPassIncorrectOtp" time="0.0">
    <ignored/>
  </testcase> <!-- ForgotPassIncorrectOtp -->
  <testcase classname="com.unified.infinity.uitest.admin.UnifiedSignInUp" name="ForgotPassEdit" time="0.0">
    <ignored/>
  </testcase> <!-- ForgotPassEdit -->
  <testcase classname="com.unified.infinity.uitest.admin.UnifiedSignInUp" name="VerifyPhoneSignUp" time="0.0">
    <ignored/>
  </testcase> <!-- VerifyPhoneSignUp -->
  <testcase classname="com.unified.infinity.uitest.admin.UnifiedSignInUp" name="UnifiedOtp" time="0.0">
    <ignored/>
  </testcase> <!-- UnifiedOtp -->
  <testcase classname="com.unified.infinity.uitest.admin.UnifiedSignInUp" name="UnifiedForgotPass" time="0.0">
    <ignored/>
  </testcase> <!-- UnifiedForgotPass -->
  <testcase classname="com.unified.infinity.uitest.admin.UnifiedSignInUp" name="SignUpIncorrectOtpEdit" time="0.0">
    <ignored/>
  </testcase> <!-- SignUpIncorrectOtpEdit -->
  <testcase classname="com.unified.infinity.uitest.admin.UnifiedSignInUp" name="SignUP" time="0.0">
    <ignored/>
  </testcase> <!-- SignUP -->
  <testcase classname="com.unified.infinity.uitest.admin.UnifiedSignInUp" name="SignUpIncorrectOTP" time="0.0">
    <ignored/>
  </testcase> <!-- SignUpIncorrectOTP -->
  <testcase classname="com.unified.infinity.uitest.admin.UnifiedSignInUp" name="IncorrectOtp" time="0.0">
    <ignored/>
  </testcase> <!-- IncorrectOtp -->
  <testcase classname="com.unified.infinity.uitest.admin.UnifiedSignInUp" name="UnifiedOtp3" time="0.0">
    <ignored/>
  </testcase> <!-- UnifiedOtp3 -->
</testsuite> <!-- Default test -->
