<?xml version="1.0" encoding="UTF-8"?>
<!-- Generated by org.testng.reporters.JUnitXMLReporter -->
<testsuite ignored="7" hostname="SmartGig01" failures="0" tests="1" name="Default test" time="13.106" errors="0" timestamp="09 May 2022 07:13:25 GMT">
  <testcase classname="com.unified.infinity.uitest.admin.UnifiedTests" name="FreeMasterClass" time="8.903"/>
  <testcase classname="com.unified.infinity.uitest.admin.UnifiedTests" name="UnifiedForgotPass" time="0.0">
    <ignored/>
  </testcase> <!-- UnifiedForgotPass -->
  <testcase classname="com.unified.infinity.uitest.admin.UnifiedTests" name="HomePage" time="0.0">
    <ignored/>
  </testcase> <!-- HomePage -->
  <testcase classname="com.unified.infinity.uitest.admin.UnifiedTests" name="SignWithPassword" time="0.0">
    <ignored/>
  </testcase> <!-- SignWithPassword -->
  <testcase classname="com.unified.infinity.uitest.admin.UnifiedTests" name="PYPTests" time="0.0">
    <ignored/>
  </testcase> <!-- PYPTests -->
  <testcase classname="com.unified.infinity.uitest.admin.UnifiedTests" name="UnifiedOtp" time="0.0">
    <ignored/>
  </testcase> <!-- UnifiedOtp -->
  <testcase classname="com.unified.infinity.uitest.admin.UnifiedTests" name="SignUpIn" time="0.0">
    <ignored/>
  </testcase> <!-- SignUpIn -->
  <testcase classname="com.unified.infinity.uitest.admin.UnifiedTests" name="MCTTests" time="0.0">
    <ignored/>
  </testcase> <!-- MCTTests -->
</testsuite> <!-- Default test -->
