<?xml version="1.0" encoding="UTF-8"?>
<!-- Generated by org.testng.reporters.JUnitXMLReporter -->
<testsuite ignored="9" hostname="IL-IT-PRAVEENT" failures="0" tests="13" name="Regression1" time="340.525" errors="0" timestamp="2023-02-17T23:12:53 IST">
  <testcase classname="com.unified.infinity.uitest.admin.UnifiedTests" name="SignUP2" time="7.344"/>
  <testcase classname="com.unified.infinity.uitest.admin.UnifiedTests" name="SignUP3" time="13.386"/>
  <testcase classname="com.unified.infinity.uitest.admin.UnifiedTests" name="SignUP4" time="8.961"/>
  <testcase classname="com.unified.infinity.uitest.admin.UnifiedTests" name="UnifiedOtp2" time="13.846"/>
  <testcase classname="com.unified.infinity.uitest.admin.UnifiedTests" name="UnifiedOtp3" time="9.318"/>
  <testcase classname="com.unified.infinity.uitest.admin.UnifiedTests" name="UnifiedForgotPass2" time="13.94"/>
  <testcase classname="com.unified.infinity.uitest.admin.UnifiedTests" name="UnifiedForgotPass3" time="10.878"/>
  <testcase classname="com.unified.infinity.uitest.admin.UnifiedTests" name="SignWithPassword" time="16.093"/>
  <testcase classname="com.unified.infinity.uitest.admin.UnifiedTests" name="SignInwithPassword2" time="11.741"/>
  <testcase classname="com.unified.infinity.uitest.admin.UnifiedTests" name="SignInwithPassword3" time="12.975"/>
  <testcase classname="com.unified.infinity.uitest.admin.UnifiedTests" name="MCTTests" time="87.753"/>
  <testcase classname="com.unified.infinity.uitest.admin.UnifiedTests" name="FreeMasterClass" time="10.725"/>
  <testcase classname="com.unified.infinity.uitest.admin.UnifiedTests" name="CYOT" time="85.946"/>
  <testcase classname="com.unified.infinity.uitest.admin.UnifiedTests" name="PYPTests" time="0.0">
    <ignored/>
  </testcase> <!-- PYPTests -->
  <testcase classname="com.unified.infinity.uitest.admin.UnifiedTests" name="UnifiedForgotPass" time="0.0">
    <ignored/>
  </testcase> <!-- UnifiedForgotPass -->
  <testcase classname="com.unified.infinity.uitest.admin.UnifiedTests" name="SignUP" time="0.0">
    <ignored/>
  </testcase> <!-- SignUP -->
  <testcase classname="com.unified.infinity.uitest.admin.UnifiedTests" name="HomePage" time="0.0">
    <ignored/>
  </testcase> <!-- HomePage -->
  <testcase classname="com.unified.infinity.uitest.admin.UnifiedTests" name="RAPDailyTest" time="0.0">
    <ignored/>
  </testcase> <!-- RAPDailyTest -->
  <testcase classname="com.unified.infinity.uitest.admin.UnifiedTests" name="ILTSTest" time="0.0">
    <ignored/>
  </testcase> <!-- ILTSTest -->
  <testcase classname="com.unified.infinity.uitest.admin.UnifiedTests" name="Learn" time="0.0">
    <ignored/>
  </testcase> <!-- Learn -->
  <testcase classname="com.unified.infinity.uitest.admin.UnifiedTests" name="UnifiedOtp" time="0.0">
    <ignored/>
  </testcase> <!-- UnifiedOtp -->
  <testcase classname="com.unified.infinity.uitest.admin.UnifiedTests" name="RAPTestSeries" time="0.0">
    <ignored/>
  </testcase> <!-- RAPTestSeries -->
</testsuite> <!-- Regression1 -->
