<?xml version="1.0" encoding="UTF-8"?>
<!-- Generated by org.testng.reporters.JUnitXMLReporter -->
<testsuite ignored="2" hostname="IL-IT-PRAVEENT" failures="0" tests="6" name="Test" time="408.615" errors="0" timestamp="2023-02-17T23:07:12 IST">
  <testcase classname="com.unified.infinity.uitest.admin.UnifiedProfile" name="ChangeProfilePicture" time="32.12"/>
  <testcase classname="com.unified.infinity.uitest.admin.UnifiedProfile" name="ChangePassword" time="26.672"/>
  <testcase classname="com.unified.infinity.uitest.admin.UnifiedProfile" name="ChangePassword3" time="15.464"/>
  <testcase classname="com.unified.infinity.uitest.admin.UnifiedProfile" name="Profile" time="238.362"/>
  <testcase classname="com.unified.infinity.uitest.admin.UnifiedProfile" name="SelectGrade11" time="41.635"/>
  <testcase classname="com.unified.infinity.uitest.admin.UnifiedProfile" name="ProfileUpdate" time="35.853"/>
  <testcase classname="com.unified.infinity.uitest.admin.UnifiedProfile" name="ChangePassword2" time="0.0">
    <ignored/>
  </testcase> <!-- ChangePassword2 -->
  <testcase classname="com.unified.infinity.uitest.admin.UnifiedProfile" name="Onlylogin" time="0.0">
    <ignored/>
  </testcase> <!-- Onlylogin -->
</testsuite> <!-- Test -->
