<?xml version="1.0" encoding="UTF-8"?>
<!-- Generated by org.testng.reporters.JUnitXMLReporter -->
<testsuite ignored="1" hostname="SmartGig01" failures="0" tests="8" name="Test" time="290.125" errors="0" timestamp="04 May 2022 13:00:09 GMT">
  <testcase classname="com.unified.infinity.uitest.admin.UnifiedProfile" name="SelectGrade" time="16.453"/>
  <testcase classname="com.unified.infinity.uitest.admin.UnifiedProfile" name="Profile" time="83.312"/>
  <testcase classname="com.unified.infinity.uitest.admin.UnifiedTests" name="UnifiedOtp" time="22.558"/>
  <testcase classname="com.unified.infinity.uitest.admin.UnifiedTests" name="UnifiedForgotPass" time="21.082"/>
  <testcase classname="com.unified.infinity.uitest.admin.UnifiedTests" name="SignWithPassword" time="12.266"/>
  <testcase classname="com.unified.infinity.uitest.admin.UnifiedTests" name="PYPTests" time="54.322"/>
  <testcase classname="com.unified.infinity.uitest.admin.UnifiedTests" name="MCTTests" time="44.999"/>
  <testcase classname="com.unified.infinity.uitest.admin.UnifiedTests" name="HomePage" time="8.753"/>
  <testcase classname="com.unified.infinity.uitest.admin.UnifiedTests" name="SignUpIn" time="0.0">
    <ignored/>
  </testcase> <!-- SignUpIn -->
</testsuite> <!-- Test -->
