<?xml version="1.0" encoding="UTF-8"?>
<testsuite xmlns:xsi="http://www.w3.org/2001/XMLSchema-instance" xsi:schemaLocation="https://maven.apache.org/surefire/maven-surefire-plugin/xsd/surefire-test-report.xsd" name="TestSuite" time="2.983" tests="6" errors="0" skipped="5" failures="1">
  <properties>
[...]
</properties>
  <testcase name="setup" classname="com.unified.infinity.uitest.admin.UnifiedTests" time="2.887">
    <failure message="session not created: This version of ChromeDriver only supports Chrome version 91&#10;Current browser version is 99.0.4844.82 with binary path C:\Program Files\Google\Chrome\Application\chrome.exe&#10;Build info: version: &apos;3.141.59&apos;, revision: &apos;e82be7d358&apos;, time: &apos;2018-11-14T08:17:03&apos;&#10;System info: host: &apos;SMARTGIG01&apos;, ip: &apos;192.168.0.123&apos;, os.name: &apos;Windows 10&apos;, os.arch: &apos;amd64&apos;, os.version: &apos;10.0&apos;, java.version: &apos;16.0.2&apos;&#10;Driver info: driver.version: ChromeDriver&#10;remote stacktrace: Backtrace:&#10;	Ordinal0 [0x00852DB3+2502067]&#10;	Ordinal0 [0x007EC5B1+2082225]&#10;	Ordinal0 [0x006F2498+1057944]&#10;	Ordinal0 [0x007105DA+1181146]&#10;	Ordinal0 [0x0070C43C+1164348]&#10;	Ordinal0 [0x00709C73+1154163]&#10;	Ordinal0 [0x00739A22+1350178]&#10;	Ordinal0 [0x0073967A+1349242]&#10;	Ordinal0 [0x00735BEB+1334251]&#10;	Ordinal0 [0x00712174+1188212]&#10;	Ordinal0 [0x00713009+1191945]&#10;	GetHandleVerifier [0x009CEC5C+1511084]&#10;	GetHandleVerifier [0x00A78522+2205554]&#10;	GetHandleVerifier [0x008D3393+480739]&#10;	GetHandleVerifier [0x008D2579+477129]&#10;	Ordinal0 [0x007F1E5D+2104925]&#10;	Ordinal0 [0x007F63F8+2122744]&#10;	Ordinal0 [0x007F6537+2123063]&#10;	Ordinal0 [0x007FEE53+2158163]&#10;	BaseThreadInitThunk [0x76DB6739+25]&#10;	RtlGetFullPathName_UEx [0x778D8E7F+1215]&#10;	RtlGetFullPathName_UEx [0x778D8E4D+1165]&#10;" type="org.openqa.selenium.SessionNotCreatedException">org.openqa.selenium.SessionNotCreatedException: 
session not created: This version of ChromeDriver only supports Chrome version 91
Current browser version is 99.0.4844.82 with binary path C:\Program Files\Google\Chrome\Application\chrome.exe
Build info: version: '3.141.59', revision: 'e82be7d358', time: '2018-11-14T08:17:03'
System info: host: 'SMARTGIG01', ip: '192.168.0.123', os.name: 'Windows 10', os.arch: 'amd64', os.version: '10.0', java.version: '16.0.2'
Driver info: driver.version: ChromeDriver
remote stacktrace: Backtrace:
	Ordinal0 [0x00852DB3+2502067]
	Ordinal0 [0x007EC5B1+2082225]
	Ordinal0 [0x006F2498+1057944]
	Ordinal0 [0x007105DA+1181146]
	Ordinal0 [0x0070C43C+1164348]
	Ordinal0 [0x00709C73+1154163]
	Ordinal0 [0x00739A22+1350178]
	Ordinal0 [0x0073967A+1349242]
	Ordinal0 [0x00735BEB+1334251]
	Ordinal0 [0x00712174+1188212]
	Ordinal0 [0x00713009+1191945]
	GetHandleVerifier [0x009CEC5C+1511084]
	GetHandleVerifier [0x00A78522+2205554]
	GetHandleVerifier [0x008D3393+480739]
	GetHandleVerifier [0x008D2579+477129]
	Ordinal0 [0x007F1E5D+2104925]
	Ordinal0 [0x007F63F8+2122744]
	Ordinal0 [0x007F6537+2123063]
	Ordinal0 [0x007FEE53+2158163]
	BaseThreadInitThunk [0x76DB6739+25]
	RtlGetFullPathName_UEx [0x778D8E7F+1215]
	RtlGetFullPathName_UEx [0x778D8E4D+1165]

</failure>
    <system-err><![CDATA[Mar 23, 2022 7:32:45 PM org.openqa.selenium.remote.DesiredCapabilities chrome
INFO: Using `new ChromeOptions()` is preferred to `DesiredCapabilities.chrome()`
Starting ChromeDriver 91.0.4472.19 (1bf021f248676a0b2ab3ee0561d83a59e424c23e-refs/branch-heads/4472@{#288}) on port 42442
Only local connections are allowed.
Please see https://chromedriver.chromium.org/security-considerations for suggestions on keeping ChromeDriver safe.
ChromeDriver was started successfully.
]]></system-err>
  </testcase>
  <testcase name="methodsetup" classname="com.unified.infinity.uitest.admin.UnifiedTests" time="0">
    <skipped/>
  </testcase>
  <testcase name="LoginPage" classname="com.unified.infinity.uitest.admin.UnifiedTests" time="0">
    <skipped message="session not created: This version of ChromeDriver only supports Chrome version 91&#10;Current browser version is 99.0.4844.82 with binary path C:\Program Files\Google\Chrome\Application\chrome.exe&#10;Build info: version: &apos;3.141.59&apos;, revision: &apos;e82be7d358&apos;, time: &apos;2018-11-14T08:17:03&apos;&#10;System info: host: &apos;SMARTGIG01&apos;, ip: &apos;192.168.0.123&apos;, os.name: &apos;Windows 10&apos;, os.arch: &apos;amd64&apos;, os.version: &apos;10.0&apos;, java.version: &apos;16.0.2&apos;&#10;Driver info: driver.version: ChromeDriver&#10;remote stacktrace: Backtrace:&#10;	Ordinal0 [0x00852DB3+2502067]&#10;	Ordinal0 [0x007EC5B1+2082225]&#10;	Ordinal0 [0x006F2498+1057944]&#10;	Ordinal0 [0x007105DA+1181146]&#10;	Ordinal0 [0x0070C43C+1164348]&#10;	Ordinal0 [0x00709C73+1154163]&#10;	Ordinal0 [0x00739A22+1350178]&#10;	Ordinal0 [0x0073967A+1349242]&#10;	Ordinal0 [0x00735BEB+1334251]&#10;	Ordinal0 [0x00712174+1188212]&#10;	Ordinal0 [0x00713009+1191945]&#10;	GetHandleVerifier [0x009CEC5C+1511084]&#10;	GetHandleVerifier [0x00A78522+2205554]&#10;	GetHandleVerifier [0x008D3393+480739]&#10;	GetHandleVerifier [0x008D2579+477129]&#10;	Ordinal0 [0x007F1E5D+2104925]&#10;	Ordinal0 [0x007F63F8+2122744]&#10;	Ordinal0 [0x007F6537+2123063]&#10;	Ordinal0 [0x007FEE53+2158163]&#10;	BaseThreadInitThunk [0x76DB6739+25]&#10;	RtlGetFullPathName_UEx [0x778D8E7F+1215]&#10;	RtlGetFullPathName_UEx [0x778D8E4D+1165]&#10;"/>
  </testcase>
  <testcase name="EndMethod" classname="com.unified.infinity.uitest.admin.UnifiedTests" time="0">
    <skipped/>
  </testcase>
  <testcase name="closebrowser" classname="com.unified.infinity.uitest.admin.UnifiedTests" time="0">
    <skipped/>
  </testcase>
  <testcase name="endSuite" classname="com.unified.infinity.uitest.admin.UnifiedTests" time="0">
    <skipped/>
  </testcase>
</testsuite>