<?xml version="1.0" encoding="UTF-8"?>
<testng-results ignored="7" total="8" passed="1" failed="0" skipped="0">
  <reporter-output>
  </reporter-output>
  <suite started-at="2022-05-09T07:13:12Z" name="Default suite" finished-at="2022-05-09T07:13:25Z" duration-ms="13106">
    <groups>
    </groups>
    <test started-at="2022-05-09T07:13:12Z" name="Default test" finished-at="2022-05-09T07:13:25Z" duration-ms="13106">
      <class name="com.unified.infinity.uitest.admin.UnifiedTests">
        <test-method is-config="true" signature="setup()[pri:0, instance:com.unified.infinity.uitest.admin.UnifiedTests@70f02c32]" started-at="2022-05-09T07:13:12Z" name="setup" finished-at="2022-05-09T07:13:16Z" duration-ms="3378" status="PASS">
          <reporter-output>
          </reporter-output>
        </test-method> <!-- setup -->
        <test-method is-config="true" signature="methodsetup()[pri:0, instance:com.unified.infinity.uitest.admin.UnifiedTests@70f02c32]" started-at="2022-05-09T07:13:16Z" name="methodsetup" finished-at="2022-05-09T07:13:16Z" duration-ms="38" status="PASS">
          <reporter-output>
          </reporter-output>
        </test-method> <!-- methodsetup -->
        <test-method signature="FreeMasterClass(java.util.HashMap)[pri:7, instance:com.unified.infinity.uitest.admin.UnifiedTests@70f02c32]" started-at="2022-05-09T07:13:16Z" name="FreeMasterClass" data-provider="getData" finished-at="2022-05-09T07:13:25Z" duration-ms="8903" status="PASS">
          <params>
            <param index="0">
              <value>
                <![CDATA[{FirstName=Test, PhoneNumber=9133434966, ExecutionFlag=Y, LastName=Test, APP_URL=https://student.infinitylearn.com/signin?page=signin, Password=Pass123}]]>
              </value>
            </param>
          </params>
          <reporter-output>
          </reporter-output>
        </test-method> <!-- FreeMasterClass -->
        <test-method is-config="true" signature="EndMethod()[pri:0, instance:com.unified.infinity.uitest.admin.UnifiedTests@70f02c32]" started-at="2022-05-09T07:13:25Z" name="EndMethod" finished-at="2022-05-09T07:13:25Z" duration-ms="304" status="PASS">
          <reporter-output>
          </reporter-output>
        </test-method> <!-- EndMethod -->
        <test-method is-config="true" signature="endSuite()[pri:0, instance:com.unified.infinity.uitest.admin.UnifiedTests@70f02c32]" started-at="2022-05-09T07:13:25Z" name="endSuite" finished-at="2022-05-09T07:13:25Z" duration-ms="57" status="PASS">
          <reporter-output>
          </reporter-output>
        </test-method> <!-- endSuite -->
      </class> <!-- com.unified.infinity.uitest.admin.UnifiedTests -->
    </test> <!-- Default test -->
  </suite> <!-- Default suite -->
</testng-results>
