<?xml version="1.0" encoding="UTF-8"?>
<testng-results ignored="12" total="13" passed="1" failed="0" skipped="0">
  <reporter-output>
  </reporter-output>
  <suite started-at="2023-02-21T17:38:25 IST" name="Default suite" finished-at="2023-02-21T17:38:38 IST" duration-ms="12744">
    <groups>
    </groups>
    <test started-at="2023-02-21T17:38:25 IST" name="Default test" finished-at="2023-02-21T17:38:38 IST" duration-ms="12744">
      <class name="com.unified.infinity.uitest.admin.UnifiedSignInUp">
        <test-method is-config="true" signature="setup()[pri:0, instance:com.unified.infinity.uitest.admin.UnifiedSignInUp@5386659f]" started-at="2023-02-21T17:38:26 IST" name="setup" finished-at="2023-02-21T17:38:29 IST" duration-ms="3165" status="PASS">
          <reporter-output>
          </reporter-output>
        </test-method> <!-- setup -->
        <test-method is-config="true" signature="methodsetup()[pri:0, instance:com.unified.infinity.uitest.admin.UnifiedSignInUp@5386659f]" started-at="2023-02-21T17:38:29 IST" name="methodsetup" finished-at="2023-02-21T17:38:29 IST" duration-ms="83" status="PASS">
          <reporter-output>
          </reporter-output>
        </test-method> <!-- methodsetup -->
        <test-method signature="SignInwithInvalidPass(java.util.HashMap)[pri:13, instance:com.unified.infinity.uitest.admin.UnifiedSignInUp@5386659f]" started-at="2023-02-21T17:38:29 IST" name="SignInwithInvalidPass" data-provider="getData" finished-at="2023-02-21T17:38:38 IST" duration-ms="8686" status="PASS">
          <params>
            <param index="0">
              <value>
                <![CDATA[{FirstName=Test, PhoneNumber=8688858154, ExecutionFlag=Y, LastName=Test, APP_URL=https://student.infinitylearn.com/signin?page=signin, Password=Pass123}]]>
              </value>
            </param>
          </params>
          <reporter-output>
          </reporter-output>
        </test-method> <!-- SignInwithInvalidPass -->
        <test-method is-config="true" signature="EndMethod()[pri:0, instance:com.unified.infinity.uitest.admin.UnifiedSignInUp@5386659f]" started-at="2023-02-21T17:38:38 IST" name="EndMethod" finished-at="2023-02-21T17:38:38 IST" duration-ms="295" status="PASS">
          <reporter-output>
          </reporter-output>
        </test-method> <!-- EndMethod -->
        <test-method is-config="true" signature="endSuite()[pri:0, instance:com.unified.infinity.uitest.admin.UnifiedSignInUp@5386659f]" started-at="2023-02-21T17:38:38 IST" name="endSuite" finished-at="2023-02-21T17:38:38 IST" duration-ms="60" status="PASS">
          <reporter-output>
          </reporter-output>
        </test-method> <!-- endSuite -->
        <test-method is-config="true" signature="sendEmail()[pri:0, instance:com.unified.infinity.uitest.admin.UnifiedSignInUp@5386659f]" started-at="2023-02-21T17:38:38 IST" name="sendEmail" finished-at="2023-02-21T17:38:38 IST" depends-on-methods="com.unified.infinity.uitest.admin.UnifiedSignInUp.endSuite" duration-ms="41" status="FAIL">
          <exception class="java.lang.NullPointerException">
            <message>
              <![CDATA[Cannot read the array length because "a" is null]]>
            </message>
            <full-stacktrace>
              <![CDATA[java.lang.NullPointerException: Cannot read the array length because "a" is null
at java.base/java.util.Arrays.sort(Arrays.java:1233)
at com.unified.infinity.utils.DriverManager.sendEmail(DriverManager.java:207)
at java.base/jdk.internal.reflect.NativeMethodAccessorImpl.invoke0(Native Method)
at java.base/jdk.internal.reflect.NativeMethodAccessorImpl.invoke(NativeMethodAccessorImpl.java:77)
at java.base/jdk.internal.reflect.DelegatingMethodAccessorImpl.invoke(DelegatingMethodAccessorImpl.java:43)
at java.base/java.lang.reflect.Method.invoke(Method.java:568)
at org.testng.internal.invokers.MethodInvocationHelper.invokeMethod(MethodInvocationHelper.java:139)
at org.testng.internal.invokers.MethodInvocationHelper.invokeMethodConsideringTimeout(MethodInvocationHelper.java:69)
at org.testng.internal.invokers.ConfigInvoker.invokeConfigurationMethod(ConfigInvoker.java:361)
at org.testng.internal.invokers.ConfigInvoker.invokeConfigurations(ConfigInvoker.java:296)
at org.testng.SuiteRunner.privateRun(SuiteRunner.java:400)
at org.testng.SuiteRunner.run(SuiteRunner.java:330)
at org.testng.SuiteRunnerWorker.runSuite(SuiteRunnerWorker.java:52)
at org.testng.SuiteRunnerWorker.run(SuiteRunnerWorker.java:95)
at org.testng.TestNG.runSuitesSequentially(TestNG.java:1256)
at org.testng.TestNG.runSuitesLocally(TestNG.java:1176)
at org.testng.TestNG.runSuites(TestNG.java:1099)
at org.testng.TestNG.run(TestNG.java:1067)
at org.testng.remote.AbstractRemoteTestNG.run(AbstractRemoteTestNG.java:115)
at org.testng.remote.RemoteTestNG.initAndRun(RemoteTestNG.java:251)
at org.testng.remote.RemoteTestNG.main(RemoteTestNG.java:77)
]]>
            </full-stacktrace>
          </exception> <!-- java.lang.NullPointerException -->
          <reporter-output>
          </reporter-output>
        </test-method> <!-- sendEmail -->
      </class> <!-- com.unified.infinity.uitest.admin.UnifiedSignInUp -->
    </test> <!-- Default test -->
  </suite> <!-- Default suite -->
</testng-results>
